<?xml version="1.0" encoding="UTF-8"?>
<!-- Generated by org.testng.reporters.JUnitReportReporter -->
<testsuite hostname="DESKTOP-8P3UHHS" name="com.test.TestA" tests="1" failures="0" timestamp="17 Sep 2017 10:23:34 GMT" time="4.565" errors="0">
  <testcase name="testGooglePageTitleInFirefox" time="4.565" classname="com.test.TestA"/>
</testsuite> <!-- com.test.TestA -->
